0 info it worked if it ends with ok
1 verbose cli [ '/usr/local/bin/node',
1 verbose cli   '/Users/erguotou/npm/bin/npm',
1 verbose cli   'run',
1 verbose cli   'demo' ]
2 info using npm@3.5.1
3 info using node@v5.10.1
4 verbose run-script [ 'predemo', 'demo', 'postdemo' ]
5 info lifecycle vue-fetch@0.1.0~predemo: vue-fetch@0.1.0
6 silly lifecycle vue-fetch@0.1.0~predemo: no script for predemo, continuing
7 info lifecycle vue-fetch@0.1.0~demo: vue-fetch@0.1.0
8 verbose lifecycle vue-fetch@0.1.0~demo: unsafe-perm in lifecycle true
9 verbose lifecycle vue-fetch@0.1.0~demo: PATH: /Users/erguotou/npm/lib/node_modules/npm/bin/node-gyp-bin:/Users/erguotou/vue/vue-fetch/node_modules/.bin:/Users/erguotou/npm/bin:/Users/erguotou/.nvm/versions/node/v0.12.7/bin:/usr/local/bin:/usr/bin:/bin:/usr/sbin:/sbin:/Users/erguotou/Android/android-sdk-macosx/platform-tools
10 verbose lifecycle vue-fetch@0.1.0~demo: CWD: /Users/erguotou/vue/vue-fetch
11 silly lifecycle vue-fetch@0.1.0~demo: Args: [ '-c', 'npm run build && node demo' ]
12 silly lifecycle vue-fetch@0.1.0~demo: Returned: code: 1  signal: null
13 info lifecycle vue-fetch@0.1.0~demo: Failed to exec demo script
14 verbose stack Error: vue-fetch@0.1.0 demo: `npm run build && node demo`
14 verbose stack Exit status 1
14 verbose stack     at EventEmitter.<anonymous> (/Users/erguotou/npm/lib/node_modules/npm/lib/utils/lifecycle.js:232:16)
14 verbose stack     at emitTwo (events.js:100:13)
14 verbose stack     at EventEmitter.emit (events.js:185:7)
14 verbose stack     at ChildProcess.<anonymous> (/Users/erguotou/npm/lib/node_modules/npm/lib/utils/spawn.js:24:14)
14 verbose stack     at emitTwo (events.js:100:13)
14 verbose stack     at ChildProcess.emit (events.js:185:7)
14 verbose stack     at maybeClose (internal/child_process.js:850:16)
14 verbose stack     at Process.ChildProcess._handle.onexit (internal/child_process.js:215:5)
15 verbose pkgid vue-fetch@0.1.0
16 verbose cwd /Users/erguotou/vue/vue-fetch
17 error Darwin 14.5.0
18 error argv "/usr/local/bin/node" "/Users/erguotou/npm/bin/npm" "run" "demo"
19 error node v5.10.1
20 error npm  v3.5.1
21 error code ELIFECYCLE
22 error vue-fetch@0.1.0 demo: `npm run build && node demo`
22 error Exit status 1
23 error Failed at the vue-fetch@0.1.0 demo script 'npm run build && node demo'.
23 error Make sure you have the latest version of node.js and npm installed.
23 error If you do, this is most likely a problem with the vue-fetch package,
23 error not with npm itself.
23 error Tell the author that this fails on your system:
23 error     npm run build && node demo
23 error You can get information on how to open an issue for this project with:
23 error     npm bugs vue-fetch
23 error Or if that isn't available, you can get their info via:
23 error     npm owner ls vue-fetch
23 error There is likely additional logging output above.
24 verbose exit [ 1, true ]
